0 info it worked if it ends with ok
1 verbose cli [ '/usr/local/bin/node', '/usr/local/bin/npm', 'start' ]
2 info using npm@5.3.0
3 info using node@v6.11.1
4 verbose run-script [ 'prestart', 'start', 'poststart' ]
5 info lifecycle my-app@0.1.0~prestart: my-app@0.1.0
6 info lifecycle my-app@0.1.0~start: my-app@0.1.0
7 verbose lifecycle my-app@0.1.0~start: unsafe-perm in lifecycle true
8 verbose lifecycle my-app@0.1.0~start: PATH: /usr/local/lib/node_modules/npm/bin/node-gyp-bin:/Users/juliendemarque/Desktop/Personnal matters/Programming:Coding/Udemy courses/ReactJS-Build_real_world_react_app/my-app/node_modules/.bin:/usr/bin:/bin:/usr/sbin:/sbin:/usr/local/bin:/opt/X11/bin
9 verbose lifecycle my-app@0.1.0~start: CWD: /Users/juliendemarque/Desktop/Personnal matters/Programming:Coding/Udemy courses/ReactJS-Build_real_world_react_app/my-app
10 silly lifecycle my-app@0.1.0~start: Args: [ '-c', 'react-scripts start' ]
11 info lifecycle my-app@0.1.0~start: Failed to exec start script
12 verbose stack Error: my-app@0.1.0 start: `react-scripts start`
12 verbose stack spawn ENOENT
12 verbose stack     at ChildProcess.<anonymous> (/usr/local/lib/node_modules/npm/lib/utils/spawn.js:33:16)
12 verbose stack     at emitTwo (events.js:106:13)
12 verbose stack     at ChildProcess.emit (events.js:191:7)
12 verbose stack     at maybeClose (internal/child_process.js:891:16)
12 verbose stack     at Process.ChildProcess._handle.onexit (internal/child_process.js:226:5)
13 verbose pkgid my-app@0.1.0
14 verbose cwd /Users/juliendemarque/Desktop/Personnal matters/Programming:Coding/Udemy courses/ReactJS-Build_real_world_react_app/my-app
15 verbose Darwin 16.7.0
16 verbose argv "/usr/local/bin/node" "/usr/local/bin/npm" "start"
17 verbose node v6.11.1
18 verbose npm  v5.3.0
19 error file sh
20 error code ELIFECYCLE
21 error errno ENOENT
22 error syscall spawn
23 error my-app@0.1.0 start: `react-scripts start`
23 error spawn ENOENT
24 error Failed at the my-app@0.1.0 start script.
24 error This is probably not a problem with npm. There is likely additional logging output above.
25 verbose exit [ 1, true ]
